Not Found: /static/codefyn-5.0/vendor/bootstrap-5.0.2/js/bootstrap.bundle.min.js
Not Found: /static/codefyn-5.0/vendor/bootstrap-5.0.2/js/bootstrap.bundle.min.js
Not Found: /media/cache/88/af/88af8db5f4802b25cd1ab14423cbeb8b.jpg
Not Found: /media/cache/12/b2/12b25943671f234c1e3cb8d6e60ace82.jpg
Not Found: /media/cache/2b/1c/2b1ca35918892a58537ea32333229731.jpg
Not Found: /media/cache/bb/e6/bbe678fd180e43fc4f79ba5b93800b37.jpg
Not Found: /static/codefyn-5.0/assets/img/logo/logo.png
Not Found: /media/cache/12/b2/12b25943671f234c1e3cb8d6e60ace82.jpg
Not Found: /media/cache/2b/1c/2b1ca35918892a58537ea32333229731.jpg
Not Found: /media/cache/bb/e6/bbe678fd180e43fc4f79ba5b93800b37.jpg
Not Found: /media/cache/88/af/88af8db5f4802b25cd1ab14423cbeb8b.jpg
Not Found: /media/cache/12/b2/12b25943671f234c1e3cb8d6e60ace82.jpg
Not Found: /media/cache/2b/1c/2b1ca35918892a58537ea32333229731.jpg
Not Found: /media/cache/bb/e6/bbe678fd180e43fc4f79ba5b93800b37.jpg
Not Found: /media/cache/88/af/88af8db5f4802b25cd1ab14423cbeb8b.jpg
Not Found: /static/codefyn-5.0/assets/img/logo/logo.png
Not Found: /media/cache/12/b2/12b25943671f234c1e3cb8d6e60ace82.jpg
Not Found: /media/cache/88/af/88af8db5f4802b25cd1ab14423cbeb8b.jpg
Not Found: /media/cache/2b/1c/2b1ca35918892a58537ea32333229731.jpg
Not Found: /media/cache/bb/e6/bbe678fd180e43fc4f79ba5b93800b37.jpg
Not Found: /static/codefyn-5.0/vendor/bootstrap-5.0.2/js/bootstrap.bundle.min.js
Not Found: /media/cache/88/af/88af8db5f4802b25cd1ab14423cbeb8b.jpg
Not Found: /media/cache/12/b2/12b25943671f234c1e3cb8d6e60ace82.jpg
Not Found: /media/cache/2b/1c/2b1ca35918892a58537ea32333229731.jpg
Not Found: /media/cache/bb/e6/bbe678fd180e43fc4f79ba5b93800b37.jpg
Not Found: /static/codefyn-5.0/assets/img/logo/logo.png
Invalid HTTP_HOST header: 'www.myshop.codefyn.com'. You may need to add 'www.myshop.codefyn.com' to ALLOWED_HOSTS.
Bad Request: /
Not Found: /media/cache/88/af/88af8db5f4802b25cd1ab14423cbeb8b.jpg
Not Found: /media/cache/2b/1c/2b1ca35918892a58537ea32333229731.jpg
Not Found: /static/codefyn-5.0/assets/img/logo/logo.png
Not Found: /static/codefyn-5.0/vendor/bootstrap-5.0.2/js/bootstrap.bundle.min.js
Not Found: /media/cache/12/b2/12b25943671f234c1e3cb8d6e60ace82.jpg
Not Found: /media/cache/bb/e6/bbe678fd180e43fc4f79ba5b93800b37.jpg
Not Found: /static/static/codefyn-5.0/assets/img/logo/favicon.ico
Invalid HTTP_HOST header: 'www.myshop.codefyn.com'. You may need to add 'www.myshop.codefyn.com' to ALLOWED_HOSTS.
Bad Request: /
Forbidden (CSRF cookie not set.): /shop/basket/add/4/
Not Found: /favicon.ico
Not Found: /static/codefyn-5.0/vendor/bootstrap-5.0.2/js/bootstrap.bundle.min.js
Not Found: /media/cache/88/af/88af8db5f4802b25cd1ab14423cbeb8b.jpg
Not Found: /media/cache/12/b2/12b25943671f234c1e3cb8d6e60ace82.jpg
Not Found: /media/cache/2b/1c/2b1ca35918892a58537ea32333229731.jpg
Not Found: /media/cache/bb/e6/bbe678fd180e43fc4f79ba5b93800b37.jpg
Not Found: /static/codefyn-5.0/assets/img/logo/logo.png
Not Found: /static/static/codefyn-5.0/assets/img/logo/favicon.ico
Not Found: /static/codefyn-5.0/vendor/bootstrap-5.0.2/js/bootstrap.bundle.min.js
Not Found: /static/codefyn-5.0/vendor/bootstrap-5.0.2/js/bootstrap.bundle.min.js
Not Found: /media/cache/88/af/88af8db5f4802b25cd1ab14423cbeb8b.jpg
Not Found: /media/cache/2b/1c/2b1ca35918892a58537ea32333229731.jpg
Not Found: /media/cache/12/b2/12b25943671f234c1e3cb8d6e60ace82.jpg
Not Found: /media/cache/bb/e6/bbe678fd180e43fc4f79ba5b93800b37.jpg
Not Found: /static/codefyn-5.0/vendor/bootstrap-5.0.2/js/bootstrap.bundle.min.js
Not Found: /static/codefyn-5.0/assets/img/logo/logo.png
Not Found: /static/codefyn-5.0/vendor/bootstrap-5.0.2/js/bootstrap.bundle.min.js
Not Found: /static/codefyn-5.0/vendor/bootstrap-5.0.2/js/bootstrap.bundle.min.js
Not Found: /media/cache/88/af/88af8db5f4802b25cd1ab14423cbeb8b.jpg
Not Found: /media/cache/2b/1c/2b1ca35918892a58537ea32333229731.jpg
Not Found: /media/cache/12/b2/12b25943671f234c1e3cb8d6e60ace82.jpg
Not Found: /media/cache/2b/1c/2b1ca35918892a58537ea32333229731.jpg
Not Found: /media/cache/bb/e6/bbe678fd180e43fc4f79ba5b93800b37.jpg
Not Found: /media/cache/bb/e6/bbe678fd180e43fc4f79ba5b93800b37.jpg
Not Found: /static/codefyn-5.0/assets/img/logo/logo.png
Not Found: /media/cache/88/af/88af8db5f4802b25cd1ab14423cbeb8b.jpg
Not Found: /media/cache/12/b2/12b25943671f234c1e3cb8d6e60ace82.jpg
Not Found: /static/static/codefyn-5.0/assets/img/logo/favicon.ico
Not Found: /static/codefyn-5.0/assets/img/logo/logo.png
Not Found: /static/codefyn-5.0/vendor/bootstrap-5.0.2/js/bootstrap.bundle.min.js
Not Found: /media/cache/12/b2/12b25943671f234c1e3cb8d6e60ace82.jpg
Not Found: /media/cache/88/af/88af8db5f4802b25cd1ab14423cbeb8b.jpg
Not Found: /media/cache/2b/1c/2b1ca35918892a58537ea32333229731.jpg
Not Found: /media/cache/bb/e6/bbe678fd180e43fc4f79ba5b93800b37.jpg
Not Found: /static/codefyn-5.0/assets/img/logo/logo.png
[UID:2534][728006] Reached max children process limit: 6, extra: 2, current: 8, busy: 8, please increase LSAPI_CHILDREN.
[UID:2534][728006] Reached max children process limit: 6, extra: 2, current: 8, busy: 8, please increase LSAPI_CHILDREN.
[UID:2534][728006] Reached max children process limit: 6, extra: 2, current: 8, busy: 8, please increase LSAPI_CHILDREN.
Not Found: /static/codefyn-5.0/vendor/bootstrap-5.0.2/js/bootstrap.bundle.min.js
[UID:2534][728006] Reached max children process limit: 6, extra: 2, current: 8, busy: 8, please increase LSAPI_CHILDREN.
Not Found: /media/cache/12/b2/12b25943671f234c1e3cb8d6e60ace82.jpg
Not Found: /media/cache/88/af/88af8db5f4802b25cd1ab14423cbeb8b.jpg
Not Found: /media/cache/bb/e6/bbe678fd180e43fc4f79ba5b93800b37.jpg
Not Found: /media/cache/2b/1c/2b1ca35918892a58537ea32333229731.jpg
[UID:2534][728006] Reached max children process limit: 6, extra: 2, current: 8, busy: 8, please increase LSAPI_CHILDREN.
[UID:2534][728006] Reached max children process limit: 6, extra: 2, current: 8, busy: 8, please increase LSAPI_CHILDREN.
[UID:2534][728006] Reached max children process limit: 6, extra: 2, current: 8, busy: 8, please increase LSAPI_CHILDREN.
[UID:2534][728006] Reached max children process limit: 6, extra: 2, current: 8, busy: 8, please increase LSAPI_CHILDREN.
[UID:2534][728006] Reached max children process limit: 6, extra: 2, current: 8, busy: 8, please increase LSAPI_CHILDREN.
[UID:2534][728006] Reached max children process limit: 6, extra: 2, current: 8, busy: 8, please increase LSAPI_CHILDREN.
[UID:2534][728006] Reached max children process limit: 6, extra: 2, current: 8, busy: 8, please increase LSAPI_CHILDREN.
[UID:2534][728006] Reached max children process limit: 6, extra: 2, current: 8, busy: 8, please increase LSAPI_CHILDREN.
[UID:2534][728006] Reached max children process limit: 6, extra: 2, current: 8, busy: 8, please increase LSAPI_CHILDREN.
Not Found: /static/codefyn-5.0/assets/img/logo/logo.png
Not Found: /static/codefyn-5.0/vendor/bootstrap-5.0.2/js/bootstrap.bundle.min.js
Not Found: /media/cache/12/b2/12b25943671f234c1e3cb8d6e60ace82.jpg
Not Found: /media/cache/88/af/88af8db5f4802b25cd1ab14423cbeb8b.jpg
Not Found: /media/cache/2b/1c/2b1ca35918892a58537ea32333229731.jpg
Not Found: /media/cache/bb/e6/bbe678fd180e43fc4f79ba5b93800b37.jpg
Not Found: /static/codefyn-5.0/assets/img/logo/logo.png
Not Found: /static/codefyn-5.0/vendor/bootstrap-5.0.2/js/bootstrap.bundle.min.js
Not Found: /media/cache/88/af/88af8db5f4802b25cd1ab14423cbeb8b.jpg
Not Found: /media/cache/12/b2/12b25943671f234c1e3cb8d6e60ace82.jpg
Not Found: /media/cache/bb/e6/bbe678fd180e43fc4f79ba5b93800b37.jpg
Not Found: /static/codefyn-5.0/assets/img/logo/logo.png
Not Found: /media/cache/2b/1c/2b1ca35918892a58537ea32333229731.jpg
Not Found: /static/codefyn-5.0/vendor/bootstrap-5.0.2/js/bootstrap.bundle.min.js
Not Found: /media/cache/bb/e6/bbe678fd180e43fc4f79ba5b93800b37.jpg
Not Found: /media/cache/88/af/88af8db5f4802b25cd1ab14423cbeb8b.jpg
Not Found: /media/cache/12/b2/12b25943671f234c1e3cb8d6e60ace82.jpg
Not Found: /media/cache/2b/1c/2b1ca35918892a58537ea32333229731.jpg
[UID:2534][1124955] Child process with pid: 1132534 was killed by signal: 15, core dumped: no
Not Found: /media/cache/88/af/88af8db5f4802b25cd1ab14423cbeb8b.jpg
Not Found: /media/cache/12/b2/12b25943671f234c1e3cb8d6e60ace82.jpg
Not Found: /static/codefyn-5.0/vendor/bootstrap-5.0.2/js/bootstrap.bundle.min.js
Not Found: /media/cache/2b/1c/2b1ca35918892a58537ea32333229731.jpg
Not Found: /media/cache/bb/e6/bbe678fd180e43fc4f79ba5b93800b37.jpg
Not Found: /static/codefyn-5.0/assets/img/logo/logo.png
Not Found: /media/cache/88/af/88af8db5f4802b25cd1ab14423cbeb8b.jpg
Not Found: /media/cache/12/b2/12b25943671f234c1e3cb8d6e60ace82.jpg
Not Found: /media/cache/bb/e6/bbe678fd180e43fc4f79ba5b93800b37.jpg
Not Found: /media/cache/2b/1c/2b1ca35918892a58537ea32333229731.jpg
Not Found: /static/codefyn-5.0/vendor/bootstrap-5.0.2/js/bootstrap.bundle.min.js
Not Found: /media/cache/88/af/88af8db5f4802b25cd1ab14423cbeb8b.jpg
Not Found: /media/cache/12/b2/12b25943671f234c1e3cb8d6e60ace82.jpg
Not Found: /media/cache/2b/1c/2b1ca35918892a58537ea32333229731.jpg
Not Found: /media/cache/bb/e6/bbe678fd180e43fc4f79ba5b93800b37.jpg
Not Found: /static/codefyn-5.0/assets/img/logo/logo.png
Not Found: /media/cache/2b/1c/2b1ca35918892a58537ea32333229731.jpg
Not Found: /media/cache/12/b2/12b25943671f234c1e3cb8d6e60ace82.jpg
Not Found: /media/cache/88/af/88af8db5f4802b25cd1ab14423cbeb8b.jpg
Not Found: /media/cache/bb/e6/bbe678fd180e43fc4f79ba5b93800b37.jpg
Not Found: /media/cache/2b/1c/2b1ca35918892a58537ea32333229731.jpg
Not Found: /media/cache/12/b2/12b25943671f234c1e3cb8d6e60ace82.jpg
Not Found: /media/cache/bb/e6/bbe678fd180e43fc4f79ba5b93800b37.jpg
Not Found: /media/cache/88/af/88af8db5f4802b25cd1ab14423cbeb8b.jpg
Not Found: /media/cache/12/b2/12b25943671f234c1e3cb8d6e60ace82.jpg
Not Found: /media/cache/2b/1c/2b1ca35918892a58537ea32333229731.jpg
Not Found: /media/cache/bb/e6/bbe678fd180e43fc4f79ba5b93800b37.jpg
Not Found: /media/cache/88/af/88af8db5f4802b25cd1ab14423cbeb8b.jpg
Not Found: /static/codefyn-5.0/assets/js/vendor/popper.min.js.map
Not Found: /static/codefyn-5.0/assets/js/vendor/bootstrap.min.js.map
Not Found: /static/codefyn-5.0/assets/js/tippy.all.min.js.map
Not Found: /static/codefyn-5.0/assets/css/vendor/bootstrap.min.css.map
Not Found: /media/cache/bb/e6/bbe678fd180e43fc4f79ba5b93800b37.jpg
Not Found: /media/cache/88/af/88af8db5f4802b25cd1ab14423cbeb8b.jpg
Not Found: /media/cache/12/b2/12b25943671f234c1e3cb8d6e60ace82.jpg
Not Found: /media/cache/2b/1c/2b1ca35918892a58537ea32333229731.jpg
Not Found: /media/cache/bb/e6/bbe678fd180e43fc4f79ba5b93800b37.jpg
Not Found: /media/cache/2b/1c/2b1ca35918892a58537ea32333229731.jpg
Not Found: /media/cache/88/af/88af8db5f4802b25cd1ab14423cbeb8b.jpg
Not Found: /media/cache/12/b2/12b25943671f234c1e3cb8d6e60ace82.jpg
Not Found: /favicon.ico
Not Found: /media/cache/88/af/88af8db5f4802b25cd1ab14423cbeb8b.jpg
Not Found: /media/cache/12/b2/12b25943671f234c1e3cb8d6e60ace82.jpg
Not Found: /static/codefyn-5.0/assets/img/logo/logo.png
Not Found: /media/cache/bb/e6/bbe678fd180e43fc4f79ba5b93800b37.jpg
Not Found: /media/cache/2b/1c/2b1ca35918892a58537ea32333229731.jpg
Not Found: /static/codefyn-5.0/vendor/bootstrap-5.0.2/js/bootstrap.bundle.min.js
Not Found: /static/codefyn-5.0/vendor/bootstrap-5.0.2/js/bootstrap.bundle.min.js
Not Found: /media/cache/fb/56/fb56b0d1b4766a494f698ae971d5bd99.jpg
Not Found: /media/cache/34/c4/34c45b223b9490d238780cd67d2dbd76.jpg
Not Found: /media/cache/7d/80/7d80fa535f75a5ad56a5b1fe1476f8ee.jpg
Not Found: /media/cache/fd/3c/fd3c84ffe8f1274d130f42d86e7f4208.jpg
Not Found: /media/cache/01/6a/016a9a5670a8a4ab4c249e55d2799419.jpg
Not Found: /media/cache/b5/bf/b5bf21326563b2bf97e23dfff5828e95.jpg
2
2
2
2
Not Found: /media/cache/fb/56/fb56b0d1b4766a494f698ae971d5bd99.jpg
Not Found: /media/cache/7d/80/7d80fa535f75a5ad56a5b1fe1476f8ee.jpg
Not Found: /media/cache/fd/3c/fd3c84ffe8f1274d130f42d86e7f4208.jpg
Not Found: /media/cache/ce/a4/cea4a302a62ba2bf7033cf1976262025.jpg
Not Found: /media/cache/07/5c/075cc6b8ea52b34f60e381183c8b2c88.jpg
Not Found: /media/cache/7d/80/7d80fa535f75a5ad56a5b1fe1476f8ee.jpg
Not Found: /media/cache/fd/3c/fd3c84ffe8f1274d130f42d86e7f4208.jpg
Not Found: /media/images/products/2023/05/nav-banner.png
Not Found: /media/cache/d1/b5/d1b5669c39bbb50fb3543d7d77e26919.jpg
Not Found: /media/cache/48/ea/48ea4639ffd9058d2515728f7185902f.jpg
Not Found: /media/cache/fd/3c/fd3c84ffe8f1274d130f42d86e7f4208.jpg
Not Found: /media/images/products/2023/05/jtv-menu-banner3_gVhQgzi.jpg
Not Found: /media/cache/5c/60/5c60abf8aca6e4f60ccb93e816e7bf90.jpg
Not Found: /media/cache/9a/b5/9ab5445f7ecec6c22fccf10b04d3b00d.jpg
Not Found: /static/codefyn-5.0/vendor/bootstrap-5.0.2/js/bootstrap.bundle.min.js
Not Found: /media/cache/b5/bf/b5bf21326563b2bf97e23dfff5828e95.jpg
Not Found: /static/codefyn-5.0/assets/img/logo/logo.png
Not Found: /static/codefyn-5.0/vendor/bootstrap-5.0.2/js/bootstrap.bundle.min.js
Not Found: /static/codefyn-5.0/vendor/bootstrap-5.0.2/js/bootstrap.bundle.min.js
Not Found: /static/codefyn-5.0/assets/img/logo/logo.png
Forbidden (CSRF cookie not set.): /shop/basket/add/4/
Not Found: /favicon.ico
Not Found: /static/codefyn-5.0/vendor/bootstrap-5.0.2/js/bootstrap.bundle.min.js
Not Found: /static/codefyn-5.0/assets/img/logo/logo.png
Not Found: /static/codefyn-5.0/vendor/bootstrap-5.0.2/js/bootstrap.bundle.min.js
Not Found: /static/codefyn-5.0/vendor/bootstrap-5.0.2/js/bootstrap.bundle.min.js
Not Found: /static/codefyn-5.0/vendor/bootstrap-5.0.2/js/bootstrap.bundle.min.js
Not Found: /static/codefyn-5.0/vendor/bootstrap-5.0.2/js/bootstrap.bundle.min.js
Not Found: /static/codefyn-5.0/vendor/bootstrap-5.0.2/js/bootstrap.bundle.min.js
Not Found: /static/codefyn-5.0/vendor/bootstrap-5.0.2/js/bootstrap.bundle.min.js
Not Found: /static/codefyn-5.0/vendor/bootstrap-5.0.2/js/bootstrap.bundle.min.js
Not Found: /static/codefyn-5.0/assets/img/logo/logo.png
Not Found: /static/codefyn-5.0/vendor/bootstrap-5.0.2/js/bootstrap.bundle.min.js
[UID:2534][2907137] Child process with pid: 2987932 was killed by signal: 9, core dumped: no
[UID:2534][2907137] Child process with pid: 3006503 was killed by signal: 15, core dumped: no
Not Found: /static/codefyn-5.0/assets/img/logo/logo.png
Not Found: /static/codefyn-5.0/vendor/bootstrap-5.0.2/js/bootstrap.bundle.min.js
Not Found: /static/codefyn-5.0/vendor/bootstrap-5.0.2/js/bootstrap.bundle.min.js
Not Found: /static/codefyn-5.0/assets/img/logo/logo.png
Not Found: /static/codefyn-5.0/vendor/bootstrap-5.0.2/js/bootstrap.bundle.min.js
Not Found: /static/codefyn-5.0/vendor/bootstrap-5.0.2/js/bootstrap.bundle.min.js
Not Found: /static/codefyn-5.0/assets/img/logo/logo.png
Not Found: /static/codefyn-5.0/vendor/bootstrap-5.0.2/js/bootstrap.bundle.min.js
Not Found: /static/codefyn-5.0/assets/img/logo/logo.png
Not Found: /static/codefyn-5.0/vendor/bootstrap-5.0.2/js/bootstrap.bundle.min.js
Not Found: /static/codefyn-5.0/vendor/bootstrap-5.0.2/js/bootstrap.bundle.min.js
Not Found: /favicon.ico
Invalid HTTP_HOST header: 'www.myshop.codefyn.com'. You may need to add 'www.myshop.codefyn.com' to ALLOWED_HOSTS.
Bad Request: /
Invalid HTTP_HOST header: 'www.myshop.codefyn.com'. You may need to add 'www.myshop.codefyn.com' to ALLOWED_HOSTS.
Bad Request: /
Session data corrupted
Session data corrupted
Session data corrupted
Not Found: /static/codefyn-5.0/vendor/bootstrap-5.0.2/js/bootstrap.bundle.min.js
Not Found: /static/codefyn-5.0/assets/img/logo/logo.png
Not Found: /media/cache/b5/bf/b5bf21326563b2bf97e23dfff5828e95.jpg
Not Found: /static/codefyn-5.0/vendor/bootstrap-5.0.2/js/bootstrap.bundle.min.js
Not Found: /static/codefyn-5.0/assets/img/logo/logo.png
Not Found: /media/cache/b5/bf/b5bf21326563b2bf97e23dfff5828e95.jpg
Not Found: /media/cache/b5/bf/b5bf21326563b2bf97e23dfff5828e95.jpg
Not Found: /static/codefyn-5.0/vendor/bootstrap-5.0.2/js/bootstrap.bundle.min.js
Not Found: /static/codefyn-5.0/assets/img/logo/logo.png
Not Found: /static/codefyn-5.0/vendor/bootstrap-5.0.2/js/bootstrap.bundle.min.js
Not Found: /static/codefyn-5.0/assets/img/logo/logo.png
Not Found: /static/codefyn-5.0/vendor/bootstrap-5.0.2/js/bootstrap.bundle.min.js
Not Found: /static/codefyn-5.0/assets/img/logo/logo.png
Not Found: /static/codefyn-5.0/vendor/bootstrap-5.0.2/js/bootstrap.bundle.min.js
Not Found: /static/codefyn-5.0/assets/img/logo/logo.png
Not Found: /static/codefyn-5.0/vendor/bootstrap-5.0.2/js/bootstrap.bundle.min.js
Not Found: /static/codefyn-5.0/vendor/bootstrap-5.0.2/js/bootstrap.bundle.min.js
Not Found: /static/codefyn-5.0/vendor/bootstrap-5.0.2/js/bootstrap.bundle.min.js
Not Found: /static/codefyn-5.0/vendor/bootstrap-5.0.2/js/bootstrap.bundle.min.js
Not Found: /static/codefyn-5.0/vendor/bootstrap-5.0.2/js/bootstrap.bundle.min.js
Not Found: /static/codefyn-5.0/vendor/bootstrap-5.0.2/js/bootstrap.bundle.min.js
Not Found: /static/codefyn-5.0/vendor/bootstrap-5.0.2/js/bootstrap.bundle.min.js
Not Found: /static/codefyn-5.0/vendor/bootstrap-5.0.2/js/bootstrap.bundle.min.js
Not Found: /static/codefyn-5.0/vendor/bootstrap-5.0.2/js/bootstrap.bundle.min.js
Not Found: /static/codefyn-5.0/vendor/bootstrap-5.0.2/js/bootstrap.bundle.min.js
Not Found: /static/codefyn-5.0/vendor/bootstrap-5.0.2/js/bootstrap.bundle.min.js
Not Found: /static/codefyn-5.0/vendor/bootstrap-5.0.2/js/bootstrap.bundle.min.js
Not Found: /static/codefyn-5.0/vendor/bootstrap-5.0.2/js/bootstrap.bundle.min.js
Not Found: /static/codefyn-5.0/vendor/bootstrap-5.0.2/js/bootstrap.bundle.min.js
Not Found: /static/codefyn-5.0/vendor/bootstrap-5.0.2/js/bootstrap.bundle.min.js
Not Found: /static/codefyn-5.0/assets/img/logo/logo.png
Not Found: /static/codefyn-5.0/assets/img/logo/logo.png
Not Found: /static/codefyn-5.0/vendor/bootstrap-5.0.2/js/bootstrap.bundle.min.js
Not Found: /static/codefyn-5.0/vendor/bootstrap-5.0.2/js/bootstrap.bundle.min.js
Not Found: /static/codefyn-5.0/assets/img/logo/logo.png
Not Found: /static/codefyn-5.0/vendor/bootstrap-5.0.2/js/bootstrap.bundle.min.js
Not Found: /static/codefyn-5.0/vendor/bootstrap-5.0.2/js/bootstrap.bundle.min.js
Not Found: /static/codefyn-5.0/vendor/bootstrap-5.0.2/js/bootstrap.bundle.min.js
Not Found: /static/codefyn-5.0/vendor/bootstrap-5.0.2/js/bootstrap.bundle.min.js
Not Found: /static/codefyn-5.0/vendor/bootstrap-5.0.2/js/bootstrap.bundle.min.js
Not Found: /static/codefyn-5.0/vendor/bootstrap-5.0.2/js/bootstrap.bundle.min.js
Not Found: /static/codefyn-5.0/vendor/bootstrap-5.0.2/js/bootstrap.bundle.min.js
Not Found: /static/codefyn-5.0/vendor/bootstrap-5.0.2/js/bootstrap.bundle.min.js
Not Found: /static/codefyn-5.0/assets/img/logo/logo.png
Not Found: /static/codefyn-5.0/vendor/bootstrap-5.0.2/js/bootstrap.bundle.min.js
Not Found: /static/codefyn-5.0/vendor/bootstrap-5.0.2/js/bootstrap.bundle.min.js
Not Found: /static/codefyn-5.0/vendor/bootstrap-5.0.2/js/bootstrap.bundle.min.js
Not Found: /static/codefyn-5.0/vendor/bootstrap-5.0.2/js/bootstrap.bundle.min.js
Not Found: /static/codefyn-5.0/vendor/bootstrap-5.0.2/js/bootstrap.bundle.min.js
Not Found: /static/codefyn-5.0/vendor/bootstrap-5.0.2/js/bootstrap.bundle.min.js
Not Found: /static/codefyn-5.0/vendor/bootstrap-5.0.2/js/bootstrap.bundle.min.js
Session data corrupted
Session data corrupted
Not Found: /static/codefyn-5.0/vendor/bootstrap-5.0.2/js/bootstrap.bundle.min.js
Session data corrupted
Session data corrupted
Not Found: /static/codefyn-5.0/vendor/bootstrap-5.0.2/js/bootstrap.bundle.min.js
Session data corrupted
Session data corrupted
Not Found: /static/codefyn-5.0/vendor/bootstrap-5.0.2/js/bootstrap.bundle.min.js
Session data corrupted
Session data corrupted
Not Found: /static/codefyn-5.0/vendor/bootstrap-5.0.2/js/bootstrap.bundle.min.js
Session data corrupted
Session data corrupted
Not Found: /static/codefyn-5.0/vendor/bootstrap-5.0.2/js/bootstrap.bundle.min.js
Session data corrupted
Session data corrupted
Not Found: /static/codefyn-5.0/vendor/bootstrap-5.0.2/js/bootstrap.bundle.min.js
Session data corrupted
Session data corrupted
Not Found: /static/codefyn-5.0/vendor/bootstrap-5.0.2/js/bootstrap.bundle.min.js
Not Found: /static/codefyn-5.0/assets/img/logo/logo.png
Not Found: /static/codefyn-5.0/vendor/bootstrap-5.0.2/js/bootstrap.bundle.min.js
Not Found: /media/cache/77/32/7732c91f3a893181c10ad5f63dadc0e0.jpg
Not Found: /static/codefyn-5.0/vendor/bootstrap-5.0.2/js/bootstrap.bundle.min.js
Not Found: /media/cache/c1/20/c12059ea11c4e3930b60c8edfeba8757.jpg
Not Found: /media/cache/c1/20/c12059ea11c4e3930b60c8edfeba8757.jpg
Not Found: /static/codefyn-5.0/vendor/bootstrap-5.0.2/js/bootstrap.bundle.min.js
Session data corrupted
Session data corrupted
Not Found: /static/codefyn-5.0/vendor/bootstrap-5.0.2/js/bootstrap.bundle.min.js
Not Found: /static/codefyn-5.0/vendor/bootstrap-5.0.2/js/bootstrap.bundle.min.js
Not Found: /static/codefyn-5.0/assets/img/logo/logo.png
Not Found: /static/codefyn-5.0/vendor/bootstrap-5.0.2/js/bootstrap.bundle.min.js
Not Found: /static/codefyn-5.0/vendor/bootstrap-5.0.2/js/bootstrap.bundle.min.js
Not Found: /static/codefyn-5.0/vendor/bootstrap-5.0.2/js/bootstrap.bundle.min.js
Not Found: /static/codefyn-5.0/assets/img/logo/logo.png
Not Found: /static/codefyn-5.0/vendor/bootstrap-5.0.2/js/bootstrap.bundle.min.js
Not Found: /static/codefyn-5.0/assets/img/logo/logo.png
Not Found: /static/codefyn-5.0/vendor/bootstrap-5.0.2/js/bootstrap.bundle.min.js
Not Found: /static/codefyn-5.0/vendor/bootstrap-5.0.2/js/bootstrap.bundle.min.js
Not Found: /static/codefyn-5.0/assets/img/logo/logo.png
Not Found: /static/codefyn-5.0/assets/img/logo/logo.png
Not Found: /static/codefyn-5.0/vendor/bootstrap-5.0.2/js/bootstrap.bundle.min.js
Not Found: /static/codefyn-5.0/assets/img/logo/logo.png
Not Found: /static/codefyn-5.0/vendor/bootstrap-5.0.2/js/bootstrap.bundle.min.js
Session data corrupted
Session data corrupted
Not Found: /static/codefyn-5.0/vendor/bootstrap-5.0.2/js/bootstrap.bundle.min.js
Not Found: /static/codefyn-5.0/vendor/bootstrap-5.0.2/js/bootstrap.bundle.min.js
Not Found: /static/codefyn-5.0/assets/img/logo/logo.png
Not Found: /static/codefyn-5.0/vendor/bootstrap-5.0.2/js/bootstrap.bundle.min.js
Not Found: /static/codefyn-5.0/assets/img/logo/logo.png
Not Found: /static/codefyn-5.0/vendor/bootstrap-5.0.2/js/bootstrap.bundle.min.js
Not Found: /static/codefyn-5.0/vendor/bootstrap-5.0.2/js/bootstrap.bundle.min.js
Not Found: /static/codefyn-5.0/vendor/bootstrap-5.0.2/js/bootstrap.bundle.min.js
Not Found: /static/codefyn-5.0/assets/img/logo/logo.png
Not Found: /static/codefyn-5.0/vendor/bootstrap-5.0.2/js/bootstrap.bundle.min.js
Not Found: /static/codefyn-5.0/vendor/bootstrap-5.0.2/js/bootstrap.bundle.min.js
Not Found: /static/codefyn-5.0/vendor/bootstrap-5.0.2/js/bootstrap.bundle.min.js
Not Found: /static/codefyn-5.0/vendor/bootstrap-5.0.2/js/bootstrap.bundle.min.js
Not Found: /static/codefyn-5.0/vendor/bootstrap-5.0.2/js/bootstrap.bundle.min.js
Not Found: /static/codefyn-5.0/vendor/bootstrap-5.0.2/js/bootstrap.bundle.min.js
Not Found: /static/codefyn-5.0/vendor/bootstrap-5.0.2/js/bootstrap.bundle.min.js
Not Found: /static/codefyn-5.0/vendor/bootstrap-5.0.2/js/bootstrap.bundle.min.js
Not Found: /static/codefyn-5.0/vendor/bootstrap-5.0.2/js/bootstrap.bundle.min.js
Not Found: /static/codefyn-5.0/vendor/bootstrap-5.0.2/js/bootstrap.bundle.min.js
Not Found: /static/codefyn-5.0/vendor/bootstrap-5.0.2/js/bootstrap.bundle.min.js
Not Found: /static/codefyn-5.0/assets/img/logo/logo.png
Not Found: /static/codefyn-5.0/assets/img/logo/logo.png
Not Found: /static/codefyn-5.0/vendor/bootstrap-5.0.2/js/bootstrap.bundle.min.js
Not Found: /static/codefyn-5.0/assets/img/logo/logo.png
Not Found: /static/codefyn-5.0/vendor/bootstrap-5.0.2/js/bootstrap.bundle.min.js
Not Found: /static/codefyn-5.0/vendor/bootstrap-5.0.2/js/bootstrap.bundle.min.js
Not Found: /static/codefyn-5.0/assets/img/logo/logo.png
Not Found: /static/codefyn-5.0/vendor/bootstrap-5.0.2/js/bootstrap.bundle.min.js
Not Found: /static/codefyn-5.0/vendor/bootstrap-5.0.2/js/bootstrap.bundle.min.js
Not Found: /static/codefyn-5.0/assets/img/logo/logo.png
Not Found: /static/codefyn-5.0/vendor/bootstrap-5.0.2/js/bootstrap.bundle.min.js
Not Found: /static/codefyn-5.0/vendor/bootstrap-5.0.2/js/bootstrap.bundle.min.js
Not Found: /static/codefyn-5.0/assets/img/logo/logo.png
Not Found: /static/codefyn-5.0/vendor/bootstrap-5.0.2/js/bootstrap.bundle.min.js
Not Found: /robots.txt
Not Found: /robots.txt
Not Found: /static/codefyn-5.0/assets/img/logo/logo.png
Not Found: /static/codefyn-5.0/vendor/bootstrap-5.0.2/js/bootstrap.bundle.min.js
Not Found: /static/codefyn-5.0/vendor/bootstrap-5.0.2/js/bootstrap.bundle.min.js
Not Found: /static/codefyn-5.0/assets/img/logo/logo.png
Not Found: /robots.txt
Invalid HTTP_HOST header: 'www.myshop.codefyn.com'. You may need to add 'www.myshop.codefyn.com' to ALLOWED_HOSTS.
Bad Request: /
Invalid HTTP_HOST header: 'www.myshop.codefyn.com'. You may need to add 'www.myshop.codefyn.com' to ALLOWED_HOSTS.
Bad Request: /Public/home/js/check.js
Invalid HTTP_HOST header: 'www.myshop.codefyn.com'. You may need to add 'www.myshop.codefyn.com' to ALLOWED_HOSTS.
Bad Request: /static/admin/javascript/hetong.js
Not Found: /Public/home/js/check.js
Not Found: /static/admin/javascript/hetong.js
Not Found: /favicon.ico
Invalid HTTP_HOST header: 'www.myshop.codefyn.com'. You may need to add 'www.myshop.codefyn.com' to ALLOWED_HOSTS.
Bad Request: /
Invalid HTTP_HOST header: 'www.myshop.codefyn.com'. You may need to add 'www.myshop.codefyn.com' to ALLOWED_HOSTS.
Invalid HTTP_HOST header: 'www.myshop.codefyn.com'. You may need to add 'www.myshop.codefyn.com' to ALLOWED_HOSTS.
Bad Request: /
Bad Request: /
Invalid HTTP_HOST header: 'www.myshop.codefyn.com'. You may need to add 'www.myshop.codefyn.com' to ALLOWED_HOSTS.
Bad Request: /
Invalid HTTP_HOST header: 'www.myshop.codefyn.com'. You may need to add 'www.myshop.codefyn.com' to ALLOWED_HOSTS.
Bad Request: /favicon.ico
Session data corrupted
Session data corrupted
Not Found: /static/codefyn-5.0/vendor/bootstrap-5.0.2/js/bootstrap.bundle.min.js
Session data corrupted
Not Found: /static/codefyn-5.0/assets/img/logo/logo.png
Session data corrupted
Session data corrupted
Not Found: /static/codefyn-5.0/vendor/bootstrap-5.0.2/js/bootstrap.bundle.min.js
Session data corrupted
Session data corrupted
Not Found: /static/codefyn-5.0/vendor/bootstrap-5.0.2/js/bootstrap.bundle.min.js
Session data corrupted
Not Found: /static/codefyn-5.0/assets/img/logo/logo.png
Session data corrupted
Session data corrupted
Not Found: /static/codefyn-5.0/vendor/bootstrap-5.0.2/js/bootstrap.bundle.min.js
Session data corrupted
Session data corrupted
Not Found: /static/codefyn-5.0/vendor/bootstrap-5.0.2/js/bootstrap.bundle.min.js
Session data corrupted
Session data corrupted
Session data corrupted
Not Found: /static/codefyn-5.0/vendor/bootstrap-5.0.2/js/bootstrap.bundle.min.js
Session data corrupted
Session data corrupted
Not Found: /static/codefyn-5.0/vendor/bootstrap-5.0.2/js/bootstrap.bundle.min.js
Session data corrupted
Session data corrupted
Session data corrupted
Not Found: /static/codefyn-5.0/vendor/bootstrap-5.0.2/js/bootstrap.bundle.min.js
Session data corrupted
Session data corrupted
Not Found: /static/codefyn-5.0/vendor/bootstrap-5.0.2/js/bootstrap.bundle.min.js
Session data corrupted
Session data corrupted
Not Found: /static/codefyn-5.0/vendor/bootstrap-5.0.2/js/bootstrap.bundle.min.js
Invalid HTTP_HOST header: 'www.myshop.codefyn.com'. You may need to add 'www.myshop.codefyn.com' to ALLOWED_HOSTS.
Bad Request: /
Invalid HTTP_HOST header: 'www.myshop.codefyn.com'. You may need to add 'www.myshop.codefyn.com' to ALLOWED_HOSTS.
Bad Request: /
Invalid HTTP_HOST header: 'www.myshop.codefyn.com'. You may need to add 'www.myshop.codefyn.com' to ALLOWED_HOSTS.
Bad Request: /
Invalid HTTP_HOST header: 'www.myshop.codefyn.com'. You may need to add 'www.myshop.codefyn.com' to ALLOWED_HOSTS.
Bad Request: /
Invalid HTTP_HOST header: 'www.myshop.codefyn.com'. You may need to add 'www.myshop.codefyn.com' to ALLOWED_HOSTS.
Bad Request: /
Session data corrupted
Session data corrupted
Session data corrupted
Not Found: /static/codefyn-5.0/vendor/bootstrap-5.0.2/js/bootstrap.bundle.min.js
Session data corrupted
Not Found: /static/codefyn-5.0/assets/img/logo/logo.png
Session data corrupted
Session data corrupted
Not Found: /static/codefyn-5.0/vendor/bootstrap-5.0.2/js/bootstrap.bundle.min.js
Session data corrupted
Session data corrupted
Not Found: /static/codefyn-5.0/vendor/bootstrap-5.0.2/js/bootstrap.bundle.min.js
Not Found: /static/codefyn-5.0/vendor/bootstrap-5.0.2/js/bootstrap.bundle.min.js
Not Found: /static/codefyn-5.0/assets/img/logo/logo.png
Not Found: /static/codefyn-5.0/vendor/bootstrap-5.0.2/js/bootstrap.bundle.min.js
Not Found: /static/codefyn-5.0/assets/img/logo/logo.png
Not Found: /static/codefyn-5.0/vendor/bootstrap-5.0.2/js/bootstrap.bundle.min.js
Not Found: /static/codefyn-5.0/vendor/bootstrap-5.0.2/js/bootstrap.bundle.min.js
Not Found: /static/codefyn-5.0/vendor/bootstrap-5.0.2/js/bootstrap.bundle.min.js
Not Found: /static/codefyn-5.0/assets/img/logo/logo.png
Not Found: /static/codefyn-5.0/vendor/bootstrap-5.0.2/js/bootstrap.bundle.min.js
Not Found: /static/codefyn-5.0/vendor/bootstrap-5.0.2/js/bootstrap.bundle.min.js
Not Found: /static/codefyn-5.0/vendor/bootstrap-5.0.2/js/bootstrap.bundle.min.js
Not Found: /static/codefyn-5.0/vendor/bootstrap-5.0.2/js/bootstrap.bundle.min.js
Not Found: /static/codefyn-5.0/assets/img/logo/logo.png
Not Found: /static/codefyn-5.0/assets/img/logo/logo.png
Session data corrupted
Session data corrupted
Not Found: /static/codefyn-5.0/vendor/bootstrap-5.0.2/js/bootstrap.bundle.min.js
Session data corrupted
Not Found: /static/codefyn-5.0/assets/img/logo/logo.png
Not Found: /robots.txt
Not Found: /static/codefyn-5.0/assets/js/vendor/popper.min.js.map
Not Found: /static/codefyn-5.0/assets/js/tippy.all.min.js.map
Not Found: /static/codefyn-5.0/assets/js/vendor/bootstrap.min.js.map
Not Found: /robots.txt
Not Found: /static/codefyn-5.0/assets/js/tippy.all.min.js.map
Not Found: /static/codefyn-5.0/assets/js/vendor/popper.min.js.map
Not Found: /static/codefyn-5.0/assets/js/vendor/bootstrap.min.js.map
Session data corrupted
Session data corrupted
Session data corrupted
Not Found: /favicon.ico
Session data corrupted
Session data corrupted
Session data corrupted
Session data corrupted
Not Found: /static/codefyn-5.0/assets/img/logo/logo.png
Session data corrupted
Not Found: /static/codefyn-5.0/vendor/bootstrap-5.0.2/js/bootstrap.bundle.min.js
Session data corrupted
Session data corrupted
Session data corrupted
Not Found: /static/codefyn-5.0/vendor/bootstrap-5.0.2/js/bootstrap.bundle.min.js
Not Found: /media/cache/77/32/7732c91f3a893181c10ad5f63dadc0e0.jpg
Session data corrupted
Not Found: /media/cache/c1/20/c12059ea11c4e3930b60c8edfeba8757.jpg
Session data corrupted
Session data corrupted
Not Found: /static/codefyn-5.0/vendor/bootstrap-5.0.2/js/bootstrap.bundle.min.js
Session data corrupted
Session data corrupted
Not Found: /static/codefyn-5.0/vendor/bootstrap-5.0.2/js/bootstrap.bundle.min.js
Session data corrupted
Session data corrupted
Session data corrupted
Not Found: /static/codefyn-5.0/vendor/bootstrap-5.0.2/js/bootstrap.bundle.min.js
Session data corrupted
Session data corrupted
Session data corrupted
Not Found: /favicon.ico
Session data corrupted
Session data corrupted
Session data corrupted
Session data corrupted
Not Found: /static/codefyn-5.0/vendor/bootstrap-5.0.2/js/bootstrap.bundle.min.js
Session data corrupted
Not Found: /static/codefyn-5.0/assets/img/logo/logo.png
Session data corrupted
Session data corrupted
Not Found: /static/codefyn-5.0/vendor/bootstrap-5.0.2/js/bootstrap.bundle.min.js
Session data corrupted
Not Found: /static/codefyn-5.0/assets/img/logo/logo.png
Session data corrupted
Session data corrupted
Session data corrupted
Session data corrupted
Not Found: /static/codefyn-5.0/vendor/bootstrap-5.0.2/js/bootstrap.bundle.min.js
Not Found: /static/codefyn-5.0/assets/img/logo/logo.png
Session data corrupted
Internal Server Error: /
Traceback (most recent call last):
  File "/home/uzmylats/virtualenv/myshop/3.9/lib/python3.9/site-packages/django/contrib/sessions/backends/base.py", line 233, in _get_session
    return self._session_cache
AttributeError: 'SessionStore' object has no attribute '_session_cache'

During handling of the above exception, another exception occurred:

Traceback (most recent call last):
  File "/home/uzmylats/virtualenv/myshop/3.9/lib/python3.9/site-packages/django/db/backends/base/base.py", line 219, in ensure_connection
    self.connect()
  File "/home/uzmylats/virtualenv/myshop/3.9/lib/python3.9/site-packages/django/utils/asyncio.py", line 33, in inner
    return func(*args, **kwargs)
  File "/home/uzmylats/virtualenv/myshop/3.9/lib/python3.9/site-packages/django/db/backends/base/base.py", line 200, in connect
    self.connection = self.get_new_connection(conn_params)
  File "/home/uzmylats/virtualenv/myshop/3.9/lib/python3.9/site-packages/django/utils/asyncio.py", line 33, in inner
    return func(*args, **kwargs)
  File "/home/uzmylats/virtualenv/myshop/3.9/lib/python3.9/site-packages/django/db/backends/mysql/base.py", line 234, in get_new_connection
    connection = Database.connect(**conn_params)
  File "/home/uzmylats/virtualenv/myshop/3.9/lib/python3.9/site-packages/pymysql/connections.py", line 352, in __init__
    self.connect()
  File "/home/uzmylats/virtualenv/myshop/3.9/lib/python3.9/site-packages/pymysql/connections.py", line 636, in connect
    self._request_authentication()
  File "/home/uzmylats/virtualenv/myshop/3.9/lib/python3.9/site-packages/pymysql/connections.py", line 911, in _request_authentication
    auth_packet = self._read_packet()
  File "/home/uzmylats/virtualenv/myshop/3.9/lib/python3.9/site-packages/pymysql/connections.py", line 729, in _read_packet
    packet.raise_for_error()
  File "/home/uzmylats/virtualenv/myshop/3.9/lib/python3.9/site-packages/pymysql/protocol.py", line 221, in raise_for_error
    err.raise_mysql_exception(self._data)
  File "/home/uzmylats/virtualenv/myshop/3.9/lib/python3.9/site-packages/pymysql/err.py", line 143, in raise_mysql_exception
    raise errorclass(errno, errval)
pymysql.err.OperationalError: (1045, "Access denied for user 'uzmylats_admin_codefyn'@'localhost' (using password: YES)")

The above exception was the direct cause of the following exception:

Traceback (most recent call last):
  File "/home/uzmylats/virtualenv/myshop/3.9/lib/python3.9/site-packages/django/core/handlers/exception.py", line 47, in inner
    response = get_response(request)
  File "/home/uzmylats/virtualenv/myshop/3.9/lib/python3.9/site-packages/oscar/apps/basket/middleware.py", line 28, in __call__
    strategy = selector.strategy(request=request, user=request.user)
  File "/home/uzmylats/virtualenv/myshop/3.9/lib/python3.9/site-packages/oscar/apps/partner/strategy.py", line 43, in strategy
    return Default(request)
  File "/home/uzmylats/virtualenv/myshop/3.9/lib/python3.9/site-packages/oscar/apps/partner/strategy.py", line 61, in __init__
    if request and request.user.is_authenticated:
  File "/home/uzmylats/virtualenv/myshop/3.9/lib/python3.9/site-packages/django/utils/functional.py", line 246, in inner
    self._setup()
  File "/home/uzmylats/virtualenv/myshop/3.9/lib/python3.9/site-packages/django/utils/functional.py", line 382, in _setup
    self._wrapped = self._setupfunc()
  File "/home/uzmylats/virtualenv/myshop/3.9/lib/python3.9/site-packages/django/contrib/auth/middleware.py", line 23, in <lambda>
    request.user = SimpleLazyObject(lambda: get_user(request))
  File "/home/uzmylats/virtualenv/myshop/3.9/lib/python3.9/site-packages/django/contrib/auth/middleware.py", line 11, in get_user
    request._cached_user = auth.get_user(request)
  File "/home/uzmylats/virtualenv/myshop/3.9/lib/python3.9/site-packages/django/contrib/auth/__init__.py", line 177, in get_user
    user_id = _get_user_session_key(request)
  File "/home/uzmylats/virtualenv/myshop/3.9/lib/python3.9/site-packages/django/contrib/auth/__init__.py", line 60, in _get_user_session_key
    return get_user_model()._meta.pk.to_python(request.session[SESSION_KEY])
  File "/home/uzmylats/virtualenv/myshop/3.9/lib/python3.9/site-packages/django/contrib/sessions/backends/base.py", line 65, in __getitem__
    return self._session[key]
  File "/home/uzmylats/virtualenv/myshop/3.9/lib/python3.9/site-packages/django/contrib/sessions/backends/base.py", line 238, in _get_session
    self._session_cache = self.load()
  File "/home/uzmylats/virtualenv/myshop/3.9/lib/python3.9/site-packages/django/contrib/sessions/backends/db.py", line 43, in load
    s = self._get_session_from_db()
  File "/home/uzmylats/virtualenv/myshop/3.9/lib/python3.9/site-packages/django/contrib/sessions/backends/db.py", line 32, in _get_session_from_db
    return self.model.objects.get(
  File "/home/uzmylats/virtualenv/myshop/3.9/lib/python3.9/site-packages/django/db/models/manager.py", line 85, in manager_method
    return getattr(self.get_queryset(), name)(*args, **kwargs)
  File "/home/uzmylats/virtualenv/myshop/3.9/lib/python3.9/site-packages/django/db/models/query.py", line 431, in get
    num = len(clone)
  File "/home/uzmylats/virtualenv/myshop/3.9/lib/python3.9/site-packages/django/db/models/query.py", line 262, in __len__
    self._fetch_all()
  File "/home/uzmylats/virtualenv/myshop/3.9/lib/python3.9/site-packages/django/db/models/query.py", line 1324, in _fetch_all
    self._result_cache = list(self._iterable_class(self))
  File "/home/uzmylats/virtualenv/myshop/3.9/lib/python3.9/site-packages/django/db/models/query.py", line 51, in __iter__
    results = compiler.execute_sql(chunked_fetch=self.chunked_fetch, chunk_size=self.chunk_size)
  File "/home/uzmylats/virtualenv/myshop/3.9/lib/python3.9/site-packages/django/db/models/sql/compiler.py", line 1173, in execute_sql
    cursor = self.connection.cursor()
  File "/home/uzmylats/virtualenv/myshop/3.9/lib/python3.9/site-packages/django/utils/asyncio.py", line 33, in inner
    return func(*args, **kwargs)
  File "/home/uzmylats/virtualenv/myshop/3.9/lib/python3.9/site-packages/django/db/backends/base/base.py", line 259, in cursor
    return self._cursor()
  File "/home/uzmylats/virtualenv/myshop/3.9/lib/python3.9/site-packages/django/db/backends/base/base.py", line 235, in _cursor
    self.ensure_connection()
  File "/home/uzmylats/virtualenv/myshop/3.9/lib/python3.9/site-packages/django/utils/asyncio.py", line 33, in inner
    return func(*args, **kwargs)
  File "/home/uzmylats/virtualenv/myshop/3.9/lib/python3.9/site-packages/django/db/backends/base/base.py", line 219, in ensure_connection
    self.connect()
  File "/home/uzmylats/virtualenv/myshop/3.9/lib/python3.9/site-packages/django/db/utils.py", line 90, in __exit__
    raise dj_exc_value.with_traceback(traceback) from exc_value
  File "/home/uzmylats/virtualenv/myshop/3.9/lib/python3.9/site-packages/django/db/backends/base/base.py", line 219, in ensure_connection
    self.connect()
  File "/home/uzmylats/virtualenv/myshop/3.9/lib/python3.9/site-packages/django/utils/asyncio.py", line 33, in inner
    return func(*args, **kwargs)
  File "/home/uzmylats/virtualenv/myshop/3.9/lib/python3.9/site-packages/django/db/backends/base/base.py", line 200, in connect
    self.connection = self.get_new_connection(conn_params)
  File "/home/uzmylats/virtualenv/myshop/3.9/lib/python3.9/site-packages/django/utils/asyncio.py", line 33, in inner
    return func(*args, **kwargs)
  File "/home/uzmylats/virtualenv/myshop/3.9/lib/python3.9/site-packages/django/db/backends/mysql/base.py", line 234, in get_new_connection
    connection = Database.connect(**conn_params)
  File "/home/uzmylats/virtualenv/myshop/3.9/lib/python3.9/site-packages/pymysql/connections.py", line 352, in __init__
    self.connect()
  File "/home/uzmylats/virtualenv/myshop/3.9/lib/python3.9/site-packages/pymysql/connections.py", line 636, in connect
    self._request_authentication()
  File "/home/uzmylats/virtualenv/myshop/3.9/lib/python3.9/site-packages/pymysql/connections.py", line 911, in _request_authentication
    auth_packet = self._read_packet()
  File "/home/uzmylats/virtualenv/myshop/3.9/lib/python3.9/site-packages/pymysql/connections.py", line 729, in _read_packet
    packet.raise_for_error()
  File "/home/uzmylats/virtualenv/myshop/3.9/lib/python3.9/site-packages/pymysql/protocol.py", line 221, in raise_for_error
    err.raise_mysql_exception(self._data)
  File "/home/uzmylats/virtualenv/myshop/3.9/lib/python3.9/site-packages/pymysql/err.py", line 143, in raise_mysql_exception
    raise errorclass(errno, errval)
django.db.utils.OperationalError: (1045, "Access denied for user 'uzmylats_admin_codefyn'@'localhost' (using password: YES)")
Internal Server Error: /
Traceback (most recent call last):
  File "/home/uzmylats/virtualenv/myshop/3.9/lib/python3.9/site-packages/django/contrib/sessions/backends/base.py", line 233, in _get_session
    return self._session_cache
AttributeError: 'SessionStore' object has no attribute '_session_cache'

During handling of the above exception, another exception occurred:

Traceback (most recent call last):
  File "/home/uzmylats/virtualenv/myshop/3.9/lib/python3.9/site-packages/django/db/backends/base/base.py", line 219, in ensure_connection
    self.connect()
  File "/home/uzmylats/virtualenv/myshop/3.9/lib/python3.9/site-packages/django/utils/asyncio.py", line 33, in inner
    return func(*args, **kwargs)
  File "/home/uzmylats/virtualenv/myshop/3.9/lib/python3.9/site-packages/django/db/backends/base/base.py", line 200, in connect
    self.connection = self.get_new_connection(conn_params)
  File "/home/uzmylats/virtualenv/myshop/3.9/lib/python3.9/site-packages/django/utils/asyncio.py", line 33, in inner
    return func(*args, **kwargs)
  File "/home/uzmylats/virtualenv/myshop/3.9/lib/python3.9/site-packages/django/db/backends/mysql/base.py", line 234, in get_new_connection
    connection = Database.connect(**conn_params)
  File "/home/uzmylats/virtualenv/myshop/3.9/lib/python3.9/site-packages/pymysql/connections.py", line 352, in __init__
    self.connect()
  File "/home/uzmylats/virtualenv/myshop/3.9/lib/python3.9/site-packages/pymysql/connections.py", line 636, in connect
    self._request_authentication()
  File "/home/uzmylats/virtualenv/myshop/3.9/lib/python3.9/site-packages/pymysql/connections.py", line 911, in _request_authentication
    auth_packet = self._read_packet()
  File "/home/uzmylats/virtualenv/myshop/3.9/lib/python3.9/site-packages/pymysql/connections.py", line 729, in _read_packet
    packet.raise_for_error()
  File "/home/uzmylats/virtualenv/myshop/3.9/lib/python3.9/site-packages/pymysql/protocol.py", line 221, in raise_for_error
    err.raise_mysql_exception(self._data)
  File "/home/uzmylats/virtualenv/myshop/3.9/lib/python3.9/site-packages/pymysql/err.py", line 143, in raise_mysql_exception
    raise errorclass(errno, errval)
pymysql.err.OperationalError: (1045, "Access denied for user 'uzmylats_admin_codefyn'@'localhost' (using password: YES)")

The above exception was the direct cause of the following exception:

Traceback (most recent call last):
  File "/home/uzmylats/virtualenv/myshop/3.9/lib/python3.9/site-packages/django/core/handlers/exception.py", line 47, in inner
    response = get_response(request)
  File "/home/uzmylats/virtualenv/myshop/3.9/lib/python3.9/site-packages/oscar/apps/basket/middleware.py", line 28, in __call__
    strategy = selector.strategy(request=request, user=request.user)
  File "/home/uzmylats/virtualenv/myshop/3.9/lib/python3.9/site-packages/oscar/apps/partner/strategy.py", line 43, in strategy
    return Default(request)
  File "/home/uzmylats/virtualenv/myshop/3.9/lib/python3.9/site-packages/oscar/apps/partner/strategy.py", line 61, in __init__
    if request and request.user.is_authenticated:
  File "/home/uzmylats/virtualenv/myshop/3.9/lib/python3.9/site-packages/django/utils/functional.py", line 246, in inner
    self._setup()
  File "/home/uzmylats/virtualenv/myshop/3.9/lib/python3.9/site-packages/django/utils/functional.py", line 382, in _setup
    self._wrapped = self._setupfunc()
  File "/home/uzmylats/virtualenv/myshop/3.9/lib/python3.9/site-packages/django/contrib/auth/middleware.py", line 23, in <lambda>
    request.user = SimpleLazyObject(lambda: get_user(request))
  File "/home/uzmylats/virtualenv/myshop/3.9/lib/python3.9/site-packages/django/contrib/auth/middleware.py", line 11, in get_user
    request._cached_user = auth.get_user(request)
  File "/home/uzmylats/virtualenv/myshop/3.9/lib/python3.9/site-packages/django/contrib/auth/__init__.py", line 177, in get_user
    user_id = _get_user_session_key(request)
  File "/home/uzmylats/virtualenv/myshop/3.9/lib/python3.9/site-packages/django/contrib/auth/__init__.py", line 60, in _get_user_session_key
    return get_user_model()._meta.pk.to_python(request.session[SESSION_KEY])
  File "/home/uzmylats/virtualenv/myshop/3.9/lib/python3.9/site-packages/django/contrib/sessions/backends/base.py", line 65, in __getitem__
    return self._session[key]
  File "/home/uzmylats/virtualenv/myshop/3.9/lib/python3.9/site-packages/django/contrib/sessions/backends/base.py", line 238, in _get_session
    self._session_cache = self.load()
  File "/home/uzmylats/virtualenv/myshop/3.9/lib/python3.9/site-packages/django/contrib/sessions/backends/db.py", line 43, in load
    s = self._get_session_from_db()
  File "/home/uzmylats/virtualenv/myshop/3.9/lib/python3.9/site-packages/django/contrib/sessions/backends/db.py", line 32, in _get_session_from_db
    return self.model.objects.get(
  File "/home/uzmylats/virtualenv/myshop/3.9/lib/python3.9/site-packages/django/db/models/manager.py", line 85, in manager_method
    return getattr(self.get_queryset(), name)(*args, **kwargs)
  File "/home/uzmylats/virtualenv/myshop/3.9/lib/python3.9/site-packages/django/db/models/query.py", line 431, in get
    num = len(clone)
  File "/home/uzmylats/virtualenv/myshop/3.9/lib/python3.9/site-packages/django/db/models/query.py", line 262, in __len__
    self._fetch_all()
  File "/home/uzmylats/virtualenv/myshop/3.9/lib/python3.9/site-packages/django/db/models/query.py", line 1324, in _fetch_all
    self._result_cache = list(self._iterable_class(self))
  File "/home/uzmylats/virtualenv/myshop/3.9/lib/python3.9/site-packages/django/db/models/query.py", line 51, in __iter__
    results = compiler.execute_sql(chunked_fetch=self.chunked_fetch, chunk_size=self.chunk_size)
  File "/home/uzmylats/virtualenv/myshop/3.9/lib/python3.9/site-packages/django/db/models/sql/compiler.py", line 1173, in execute_sql
    cursor = self.connection.cursor()
  File "/home/uzmylats/virtualenv/myshop/3.9/lib/python3.9/site-packages/django/utils/asyncio.py", line 33, in inner
    return func(*args, **kwargs)
  File "/home/uzmylats/virtualenv/myshop/3.9/lib/python3.9/site-packages/django/db/backends/base/base.py", line 259, in cursor
    return self._cursor()
  File "/home/uzmylats/virtualenv/myshop/3.9/lib/python3.9/site-packages/django/db/backends/base/base.py", line 235, in _cursor
    self.ensure_connection()
  File "/home/uzmylats/virtualenv/myshop/3.9/lib/python3.9/site-packages/django/utils/asyncio.py", line 33, in inner
    return func(*args, **kwargs)
  File "/home/uzmylats/virtualenv/myshop/3.9/lib/python3.9/site-packages/django/db/backends/base/base.py", line 219, in ensure_connection
    self.connect()
  File "/home/uzmylats/virtualenv/myshop/3.9/lib/python3.9/site-packages/django/db/utils.py", line 90, in __exit__
    raise dj_exc_value.with_traceback(traceback) from exc_value
  File "/home/uzmylats/virtualenv/myshop/3.9/lib/python3.9/site-packages/django/db/backends/base/base.py", line 219, in ensure_connection
    self.connect()
  File "/home/uzmylats/virtualenv/myshop/3.9/lib/python3.9/site-packages/django/utils/asyncio.py", line 33, in inner
    return func(*args, **kwargs)
  File "/home/uzmylats/virtualenv/myshop/3.9/lib/python3.9/site-packages/django/db/backends/base/base.py", line 200, in connect
    self.connection = self.get_new_connection(conn_params)
  File "/home/uzmylats/virtualenv/myshop/3.9/lib/python3.9/site-packages/django/utils/asyncio.py", line 33, in inner
    return func(*args, **kwargs)
  File "/home/uzmylats/virtualenv/myshop/3.9/lib/python3.9/site-packages/django/db/backends/mysql/base.py", line 234, in get_new_connection
    connection = Database.connect(**conn_params)
  File "/home/uzmylats/virtualenv/myshop/3.9/lib/python3.9/site-packages/pymysql/connections.py", line 352, in __init__
    self.connect()
  File "/home/uzmylats/virtualenv/myshop/3.9/lib/python3.9/site-packages/pymysql/connections.py", line 636, in connect
    self._request_authentication()
  File "/home/uzmylats/virtualenv/myshop/3.9/lib/python3.9/site-packages/pymysql/connections.py", line 911, in _request_authentication
    auth_packet = self._read_packet()
  File "/home/uzmylats/virtualenv/myshop/3.9/lib/python3.9/site-packages/pymysql/connections.py", line 729, in _read_packet
    packet.raise_for_error()
  File "/home/uzmylats/virtualenv/myshop/3.9/lib/python3.9/site-packages/pymysql/protocol.py", line 221, in raise_for_error
    err.raise_mysql_exception(self._data)
  File "/home/uzmylats/virtualenv/myshop/3.9/lib/python3.9/site-packages/pymysql/err.py", line 143, in raise_mysql_exception
    raise errorclass(errno, errval)
django.db.utils.OperationalError: (1045, "Access denied for user 'uzmylats_admin_codefyn'@'localhost' (using password: YES)")
Internal Server Error: /favicon.ico
Traceback (most recent call last):
  File "/home/uzmylats/virtualenv/myshop/3.9/lib/python3.9/site-packages/django/contrib/sessions/backends/base.py", line 233, in _get_session
    return self._session_cache
AttributeError: 'SessionStore' object has no attribute '_session_cache'

During handling of the above exception, another exception occurred:

Traceback (most recent call last):
  File "/home/uzmylats/virtualenv/myshop/3.9/lib/python3.9/site-packages/django/db/backends/base/base.py", line 219, in ensure_connection
    self.connect()
  File "/home/uzmylats/virtualenv/myshop/3.9/lib/python3.9/site-packages/django/utils/asyncio.py", line 33, in inner
    return func(*args, **kwargs)
  File "/home/uzmylats/virtualenv/myshop/3.9/lib/python3.9/site-packages/django/db/backends/base/base.py", line 200, in connect
    self.connection = self.get_new_connection(conn_params)
  File "/home/uzmylats/virtualenv/myshop/3.9/lib/python3.9/site-packages/django/utils/asyncio.py", line 33, in inner
    return func(*args, **kwargs)
  File "/home/uzmylats/virtualenv/myshop/3.9/lib/python3.9/site-packages/django/db/backends/mysql/base.py", line 234, in get_new_connection
    connection = Database.connect(**conn_params)
  File "/home/uzmylats/virtualenv/myshop/3.9/lib/python3.9/site-packages/pymysql/connections.py", line 352, in __init__
    self.connect()
  File "/home/uzmylats/virtualenv/myshop/3.9/lib/python3.9/site-packages/pymysql/connections.py", line 636, in connect
    self._request_authentication()
  File "/home/uzmylats/virtualenv/myshop/3.9/lib/python3.9/site-packages/pymysql/connections.py", line 911, in _request_authentication
    auth_packet = self._read_packet()
  File "/home/uzmylats/virtualenv/myshop/3.9/lib/python3.9/site-packages/pymysql/connections.py", line 729, in _read_packet
    packet.raise_for_error()
  File "/home/uzmylats/virtualenv/myshop/3.9/lib/python3.9/site-packages/pymysql/protocol.py", line 221, in raise_for_error
    err.raise_mysql_exception(self._data)
  File "/home/uzmylats/virtualenv/myshop/3.9/lib/python3.9/site-packages/pymysql/err.py", line 143, in raise_mysql_exception
    raise errorclass(errno, errval)
pymysql.err.OperationalError: (1045, "Access denied for user 'uzmylats_admin_codefyn'@'localhost' (using password: YES)")

The above exception was the direct cause of the following exception:

Traceback (most recent call last):
  File "/home/uzmylats/virtualenv/myshop/3.9/lib/python3.9/site-packages/django/core/handlers/exception.py", line 47, in inner
    response = get_response(request)
  File "/home/uzmylats/virtualenv/myshop/3.9/lib/python3.9/site-packages/oscar/apps/basket/middleware.py", line 28, in __call__
    strategy = selector.strategy(request=request, user=request.user)
  File "/home/uzmylats/virtualenv/myshop/3.9/lib/python3.9/site-packages/oscar/apps/partner/strategy.py", line 43, in strategy
    return Default(request)
  File "/home/uzmylats/virtualenv/myshop/3.9/lib/python3.9/site-packages/oscar/apps/partner/strategy.py", line 61, in __init__
    if request and request.user.is_authenticated:
  File "/home/uzmylats/virtualenv/myshop/3.9/lib/python3.9/site-packages/django/utils/functional.py", line 246, in inner
    self._setup()
  File "/home/uzmylats/virtualenv/myshop/3.9/lib/python3.9/site-packages/django/utils/functional.py", line 382, in _setup
    self._wrapped = self._setupfunc()
  File "/home/uzmylats/virtualenv/myshop/3.9/lib/python3.9/site-packages/django/contrib/auth/middleware.py", line 23, in <lambda>
    request.user = SimpleLazyObject(lambda: get_user(request))
  File "/home/uzmylats/virtualenv/myshop/3.9/lib/python3.9/site-packages/django/contrib/auth/middleware.py", line 11, in get_user
    request._cached_user = auth.get_user(request)
  File "/home/uzmylats/virtualenv/myshop/3.9/lib/python3.9/site-packages/django/contrib/auth/__init__.py", line 177, in get_user
    user_id = _get_user_session_key(request)
  File "/home/uzmylats/virtualenv/myshop/3.9/lib/python3.9/site-packages/django/contrib/auth/__init__.py", line 60, in _get_user_session_key
    return get_user_model()._meta.pk.to_python(request.session[SESSION_KEY])
  File "/home/uzmylats/virtualenv/myshop/3.9/lib/python3.9/site-packages/django/contrib/sessions/backends/base.py", line 65, in __getitem__
    return self._session[key]
  File "/home/uzmylats/virtualenv/myshop/3.9/lib/python3.9/site-packages/django/contrib/sessions/backends/base.py", line 238, in _get_session
    self._session_cache = self.load()
  File "/home/uzmylats/virtualenv/myshop/3.9/lib/python3.9/site-packages/django/contrib/sessions/backends/db.py", line 43, in load
    s = self._get_session_from_db()
  File "/home/uzmylats/virtualenv/myshop/3.9/lib/python3.9/site-packages/django/contrib/sessions/backends/db.py", line 32, in _get_session_from_db
    return self.model.objects.get(
  File "/home/uzmylats/virtualenv/myshop/3.9/lib/python3.9/site-packages/django/db/models/manager.py", line 85, in manager_method
    return getattr(self.get_queryset(), name)(*args, **kwargs)
  File "/home/uzmylats/virtualenv/myshop/3.9/lib/python3.9/site-packages/django/db/models/query.py", line 431, in get
    num = len(clone)
  File "/home/uzmylats/virtualenv/myshop/3.9/lib/python3.9/site-packages/django/db/models/query.py", line 262, in __len__
    self._fetch_all()
  File "/home/uzmylats/virtualenv/myshop/3.9/lib/python3.9/site-packages/django/db/models/query.py", line 1324, in _fetch_all
    self._result_cache = list(self._iterable_class(self))
  File "/home/uzmylats/virtualenv/myshop/3.9/lib/python3.9/site-packages/django/db/models/query.py", line 51, in __iter__
    results = compiler.execute_sql(chunked_fetch=self.chunked_fetch, chunk_size=self.chunk_size)
  File "/home/uzmylats/virtualenv/myshop/3.9/lib/python3.9/site-packages/django/db/models/sql/compiler.py", line 1173, in execute_sql
    cursor = self.connection.cursor()
  File "/home/uzmylats/virtualenv/myshop/3.9/lib/python3.9/site-packages/django/utils/asyncio.py", line 33, in inner
    return func(*args, **kwargs)
  File "/home/uzmylats/virtualenv/myshop/3.9/lib/python3.9/site-packages/django/db/backends/base/base.py", line 259, in cursor
    return self._cursor()
  File "/home/uzmylats/virtualenv/myshop/3.9/lib/python3.9/site-packages/django/db/backends/base/base.py", line 235, in _cursor
    self.ensure_connection()
  File "/home/uzmylats/virtualenv/myshop/3.9/lib/python3.9/site-packages/django/utils/asyncio.py", line 33, in inner
    return func(*args, **kwargs)
  File "/home/uzmylats/virtualenv/myshop/3.9/lib/python3.9/site-packages/django/db/backends/base/base.py", line 219, in ensure_connection
    self.connect()
  File "/home/uzmylats/virtualenv/myshop/3.9/lib/python3.9/site-packages/django/db/utils.py", line 90, in __exit__
    raise dj_exc_value.with_traceback(traceback) from exc_value
  File "/home/uzmylats/virtualenv/myshop/3.9/lib/python3.9/site-packages/django/db/backends/base/base.py", line 219, in ensure_connection
    self.connect()
  File "/home/uzmylats/virtualenv/myshop/3.9/lib/python3.9/site-packages/django/utils/asyncio.py", line 33, in inner
    return func(*args, **kwargs)
  File "/home/uzmylats/virtualenv/myshop/3.9/lib/python3.9/site-packages/django/db/backends/base/base.py", line 200, in connect
    self.connection = self.get_new_connection(conn_params)
  File "/home/uzmylats/virtualenv/myshop/3.9/lib/python3.9/site-packages/django/utils/asyncio.py", line 33, in inner
    return func(*args, **kwargs)
  File "/home/uzmylats/virtualenv/myshop/3.9/lib/python3.9/site-packages/django/db/backends/mysql/base.py", line 234, in get_new_connection
    connection = Database.connect(**conn_params)
  File "/home/uzmylats/virtualenv/myshop/3.9/lib/python3.9/site-packages/pymysql/connections.py", line 352, in __init__
    self.connect()
  File "/home/uzmylats/virtualenv/myshop/3.9/lib/python3.9/site-packages/pymysql/connections.py", line 636, in connect
    self._request_authentication()
  File "/home/uzmylats/virtualenv/myshop/3.9/lib/python3.9/site-packages/pymysql/connections.py", line 911, in _request_authentication
    auth_packet = self._read_packet()
  File "/home/uzmylats/virtualenv/myshop/3.9/lib/python3.9/site-packages/pymysql/connections.py", line 729, in _read_packet
    packet.raise_for_error()
  File "/home/uzmylats/virtualenv/myshop/3.9/lib/python3.9/site-packages/pymysql/protocol.py", line 221, in raise_for_error
    err.raise_mysql_exception(self._data)
  File "/home/uzmylats/virtualenv/myshop/3.9/lib/python3.9/site-packages/pymysql/err.py", line 143, in raise_mysql_exception
    raise errorclass(errno, errval)
django.db.utils.OperationalError: (1045, "Access denied for user 'uzmylats_admin_codefyn'@'localhost' (using password: YES)")
Session data corrupted
Session data corrupted
Not Found: /static/codefyn-5.0/vendor/bootstrap-5.0.2/js/bootstrap.bundle.min.js
Session data corrupted
Not Found: /static/codefyn-5.0/assets/img/logo/logo.png
[UID:2534][2374242] Reached max children process limit: 6, extra: 2, current: 8, busy: 7, please increase LSAPI_CHILDREN.
[UID:2534][2374242] Reached max children process limit: 6, extra: 2, current: 8, busy: 8, please increase LSAPI_CHILDREN.
[UID:2534][2374242] Reached max children process limit: 6, extra: 2, current: 8, busy: 8, please increase LSAPI_CHILDREN.
[UID:2534][2374242] Reached max children process limit: 6, extra: 2, current: 8, busy: 8, please increase LSAPI_CHILDREN.
[UID:2534][2374242] Reached max children process limit: 6, extra: 2, current: 8, busy: 8, please increase LSAPI_CHILDREN.
[UID:2534][2374242] Reached max children process limit: 6, extra: 2, current: 8, busy: 8, please increase LSAPI_CHILDREN.
[UID:2534][2374242] Reached max children process limit: 6, extra: 2, current: 8, busy: 8, please increase LSAPI_CHILDREN.
[UID:2534][2374242] Reached max children process limit: 6, extra: 2, current: 8, busy: 8, please increase LSAPI_CHILDREN.
[UID:2534][2374242] Reached max children process limit: 6, extra: 2, current: 8, busy: 8, please increase LSAPI_CHILDREN.
[UID:2534][2374242] Reached max children process limit: 6, extra: 2, current: 8, busy: 8, please increase LSAPI_CHILDREN.
[UID:2534][2374242] Reached max children process limit: 6, extra: 2, current: 8, busy: 8, please increase LSAPI_CHILDREN.
[UID:2534][2374242] Reached max children process limit: 6, extra: 2, current: 8, busy: 8, please increase LSAPI_CHILDREN.
[UID:2534][2374242] Reached max children process limit: 6, extra: 2, current: 8, busy: 8, please increase LSAPI_CHILDREN.
[UID:2534][2374242] Reached max children process limit: 6, extra: 2, current: 8, busy: 8, please increase LSAPI_CHILDREN.
[UID:2534][2374242] Reached max children process limit: 6, extra: 2, current: 8, busy: 8, please increase LSAPI_CHILDREN.
[UID:2534][2374242] Reached max children process limit: 6, extra: 2, current: 8, busy: 8, please increase LSAPI_CHILDREN.
[UID:2534][2374242] Reached max children process limit: 6, extra: 2, current: 8, busy: 8, please increase LSAPI_CHILDREN.
[UID:2534][2374242] Reached max children process limit: 6, extra: 2, current: 8, busy: 8, please increase LSAPI_CHILDREN.
[UID:2534][2374242] Reached max children process limit: 6, extra: 2, current: 8, busy: 8, please increase LSAPI_CHILDREN.
[UID:2534][2374242] Reached max children process limit: 6, extra: 2, current: 8, busy: 8, please increase LSAPI_CHILDREN.
[UID:2534][2374242] Reached max children process limit: 6, extra: 2, current: 8, busy: 8, please increase LSAPI_CHILDREN.
[UID:2534][2374242] Reached max children process limit: 6, extra: 2, current: 8, busy: 8, please increase LSAPI_CHILDREN.
[UID:2534][2374242] Reached max children process limit: 6, extra: 2, current: 8, busy: 8, please increase LSAPI_CHILDREN.
[UID:2534][2374242] Reached max children process limit: 6, extra: 2, current: 8, busy: 8, please increase LSAPI_CHILDREN.
[UID:2534][2374242] Child process with pid: 2408162 was killed by signal: 15, core dumped: no
